  Checking Build System
  CMake is re-running because D:/cpp-course/bigint/CMakeFiles/generate.stamp dependency file is missing.
  -- The C compiler identification is unknown
  -- The CXX compiler identification is unknown
  -- Check for working C compiler: C:/Program Files (x86)/CodeBlocks/MinGW/bin/gcc.exe
  -- Check for working C compiler: C:/Program Files (x86)/CodeBlocks/MinGW/bin/gcc.exe -- broken
  CMake Error at C:/Program Files/CMake/share/cmake-3.8/Modules/CMakeTestCCompiler.cmake:51 (message):
    The C compiler "C:/Program Files (x86)/CodeBlocks/MinGW/bin/gcc.exe" is not
    able to compile a simple test program.
  
    It fails with the following output:
  
     Change Dir: D:/cpp-course/bigint/CMakeFiles/CMakeTmp
  
    
  
    Run Build Command:"C:/PROGRA~2/CODEBL~1/MinGW/bin/mingw32-make.exe"
    "cmTC_01f2f/fast"
  
    C:/PROGRA~2/CODEBL~1/MinGW/bin/mingw32-make.exe -f
    CMakeFiles\cmTC_01f2f.dir\build.make CMakeFiles/cmTC_01f2f.dir/build
  
    mingw32-make.exe[1]: Entering directory
    'D:/cpp-course/bigint/CMakeFiles/CMakeTmp'
  
    Building C object CMakeFiles/cmTC_01f2f.dir/testCCompiler.c.obj
  
    C:\PROGRA~2\CODEBL~1\MinGW\bin\gcc.exe -o
    CMakeFiles\cmTC_01f2f.dir\testCCompiler.c.obj -c
    D:\cpp-course\bigint\CMakeFiles\CMakeTmp\testCCompiler.c
  
    CMakeFiles\cmTC_01f2f.dir\build.make:64: recipe for target
    'CMakeFiles/cmTC_01f2f.dir/testCCompiler.c.obj' failed
  
    mingw32-make.exe[1]: *** [CMakeFiles/cmTC_01f2f.dir/testCCompiler.c.obj]
    Error 1
  
    mingw32-make.exe[1]: Leaving directory
    'D:/cpp-course/bigint/CMakeFiles/CMakeTmp'
  
    Makefile:125: recipe for target 'cmTC_01f2f/fast' failed
  
    mingw32-make.exe: *** [cmTC_01f2f/fast] Error 2
  
    
  
    
  
    CMake will not be able to correctly generate this project.
  Call Stack (most recent call first):
    CMakeLists.txt:3 (project)
  
  
  -- Configuring incomplete, errors occurred!
  See also "D:/cpp-course/bigint/CMakeFiles/CMakeOutput.log".
  See also "D:/cpp-course/bigint/CMakeFiles/CMakeError.log".
  CMake Configure step failed.  Build files cannot be regenerated correctly.  Attempting to stop IDE build.
C:\Program Files (x86)\Microsoft Visual Studio\2017\Community\Common7\IDE\VC\VCTargets\Microsoft.CppCommon.targets(171,5): error MSB6006: "cmd.exe" завершилась с кодом -1073741819.
